<?xml version="1.0" encoding="UTF-8"?>
<testng-results ignored="0" total="10" passed="9" failed="1" skipped="0">
  <reporter-output>
  </reporter-output>
  <suite started-at="2022-01-18T13:38:13 GMT+05:30" name="Suite" finished-at="2022-01-18T13:41:37 GMT+05:30" duration-ms="204087">
    <groups>
    </groups>
    <test started-at="2022-01-18T13:38:13 GMT+05:30" name="About savaari.com" finished-at="2022-01-18T13:38:20 GMT+05:30" duration-ms="7372">
      <class name="TestsRun.aboutUs">
        <test-method is-config="true" signature="initialize()[pri:0, instance:TestsRun.aboutUs@2abf4075]" started-at="2022-01-18T13:38:13 GMT+05:30" name="initialize" finished-at="2022-01-18T13:38:18 GMT+05:30" duration-ms="5471" status="PASS">
          <reporter-output>
          </reporter-output>
        </test-method> <!-- initialize -->
        <test-method signature="runContactUs()[pri:0, instance:TestsRun.aboutUs@2abf4075]" started-at="2022-01-18T13:38:18 GMT+05:30" name="runContactUs" finished-at="2022-01-18T13:38:20 GMT+05:30" duration-ms="1564" status="PASS">
          <reporter-output>
          </reporter-output>
        </test-method> <!-- runContactUs -->
        <test-method is-config="true" signature="teardown()[pri:0, instance:TestsRun.aboutUs@2abf4075]" started-at="2022-01-18T13:38:20 GMT+05:30" name="teardown" finished-at="2022-01-18T13:38:20 GMT+05:30" duration-ms="45" status="PASS">
          <reporter-output>
          </reporter-output>
        </test-method> <!-- teardown -->
      </class> <!-- TestsRun.aboutUs -->
    </test> <!-- About savaari.com -->
    <test started-at="2022-01-18T13:38:21 GMT+05:30" name="Book for airport" finished-at="2022-01-18T13:38:37 GMT+05:30" duration-ms="16033">
      <class name="TestsRun.airport">
        <test-method is-config="true" signature="intialize()[pri:0, instance:TestsRun.airport@44821a96]" started-at="2022-01-18T13:38:21 GMT+05:30" name="intialize" finished-at="2022-01-18T13:38:22 GMT+05:30" duration-ms="1659" status="PASS">
          <reporter-output>
          </reporter-output>
        </test-method> <!-- intialize -->
        <test-method signature="MainHomePage()[pri:0, instance:TestsRun.airport@44821a96]" started-at="2022-01-18T13:38:22 GMT+05:30" name="MainHomePage" finished-at="2022-01-18T13:38:36 GMT+05:30" duration-ms="13878" status="PASS">
          <reporter-output>
          </reporter-output>
        </test-method> <!-- MainHomePage -->
        <test-method is-config="true" signature="teardown()[pri:0, instance:TestsRun.airport@44821a96]" started-at="2022-01-18T13:38:36 GMT+05:30" name="teardown" finished-at="2022-01-18T13:38:37 GMT+05:30" duration-ms="263" status="PASS">
          <reporter-output>
          </reporter-output>
        </test-method> <!-- teardown -->
      </class> <!-- TestsRun.airport -->
    </test> <!-- Book for airport -->
    <test started-at="2022-01-18T13:38:37 GMT+05:30" name="Featured in" finished-at="2022-01-18T13:39:44 GMT+05:30" duration-ms="67467">
      <class name="TestsRun.article">
        <test-method is-config="true" signature="initialize()[pri:0, instance:TestsRun.article@66498326]" started-at="2022-01-18T13:38:37 GMT+05:30" name="initialize" finished-at="2022-01-18T13:38:40 GMT+05:30" duration-ms="3760" status="PASS">
          <reporter-output>
          </reporter-output>
        </test-method> <!-- initialize -->
        <test-method signature="runArticle()[pri:0, instance:TestsRun.article@66498326]" started-at="2022-01-18T13:38:40 GMT+05:30" name="runArticle" finished-at="2022-01-18T13:39:43 GMT+05:30" duration-ms="62970" status="PASS">
          <reporter-output>
          </reporter-output>
        </test-method> <!-- runArticle -->
        <test-method is-config="true" signature="teardown()[pri:0, instance:TestsRun.article@66498326]" started-at="2022-01-18T13:39:44 GMT+05:30" name="teardown" finished-at="2022-01-18T13:39:44 GMT+05:30" duration-ms="195" status="PASS">
          <reporter-output>
          </reporter-output>
        </test-method> <!-- teardown -->
      </class> <!-- TestsRun.article -->
    </test> <!-- Featured in -->
    <test started-at="2022-01-18T13:39:44 GMT+05:30" name="Social Media Handle" finished-at="2022-01-18T13:40:19 GMT+05:30" duration-ms="35144">
      <class name="TestsRun.blogIcon">
        <test-method is-config="true" signature="initialize()[pri:0, instance:TestsRun.blogIcon@4e096385]" started-at="2022-01-18T13:39:44 GMT+05:30" name="initialize" finished-at="2022-01-18T13:39:57 GMT+05:30" duration-ms="12553" status="PASS">
          <reporter-output>
          </reporter-output>
        </test-method> <!-- initialize -->
        <test-method signature="runBlog()[pri:0, instance:TestsRun.blogIcon@4e096385]" started-at="2022-01-18T13:39:57 GMT+05:30" name="runBlog" finished-at="2022-01-18T13:40:19 GMT+05:30" duration-ms="22010" status="PASS">
          <reporter-output>
          </reporter-output>
        </test-method> <!-- runBlog -->
        <test-method is-config="true" signature="teardown()[pri:0, instance:TestsRun.blogIcon@4e096385]" started-at="2022-01-18T13:40:19 GMT+05:30" name="teardown" finished-at="2022-01-18T13:40:19 GMT+05:30" duration-ms="71" status="PASS">
          <reporter-output>
          </reporter-output>
        </test-method> <!-- teardown -->
      </class> <!-- TestsRun.blogIcon -->
    </test> <!-- Social Media Handle -->
    <test started-at="2022-01-18T13:40:19 GMT+05:30" name="Rent car in particular city" finished-at="2022-01-18T13:40:26 GMT+05:30" duration-ms="6479">
      <class name="TestsRun.cityRental">
        <test-method is-config="true" signature="initialize()[pri:0, instance:TestsRun.cityRental@306f16f3]" started-at="2022-01-18T13:40:19 GMT+05:30" name="initialize" finished-at="2022-01-18T13:40:24 GMT+05:30" duration-ms="4065" status="PASS">
          <reporter-output>
          </reporter-output>
        </test-method> <!-- initialize -->
        <test-method signature="runCityRental()[pri:0, instance:TestsRun.cityRental@306f16f3]" started-at="2022-01-18T13:40:24 GMT+05:30" name="runCityRental" finished-at="2022-01-18T13:40:25 GMT+05:30" duration-ms="1792" status="PASS">
          <reporter-output>
          </reporter-output>
        </test-method> <!-- runCityRental -->
        <test-method is-config="true" signature="teardown()[pri:0, instance:TestsRun.cityRental@306f16f3]" started-at="2022-01-18T13:40:26 GMT+05:30" name="teardown" finished-at="2022-01-18T13:40:26 GMT+05:30" duration-ms="42" status="PASS">
          <reporter-output>
          </reporter-output>
        </test-method> <!-- teardown -->
      </class> <!-- TestsRun.cityRental -->
    </test> <!-- Rent car in particular city -->
    <test started-at="2022-01-18T13:40:26 GMT+05:30" name="Contact savaari.com" finished-at="2022-01-18T13:40:34 GMT+05:30" duration-ms="8224">
      <class name="TestsRun.contactUs">
        <test-method is-config="true" signature="initialize()[pri:0, instance:TestsRun.contactUs@5f9b2141]" started-at="2022-01-18T13:40:26 GMT+05:30" name="initialize" finished-at="2022-01-18T13:40:31 GMT+05:30" duration-ms="4910" status="PASS">
          <reporter-output>
          </reporter-output>
        </test-method> <!-- initialize -->
        <test-method signature="runContactUs()[pri:0, instance:TestsRun.contactUs@5f9b2141]" started-at="2022-01-18T13:40:31 GMT+05:30" name="runContactUs" finished-at="2022-01-18T13:40:34 GMT+05:30" duration-ms="2653" status="PASS">
          <reporter-output>
          </reporter-output>
        </test-method> <!-- runContactUs -->
        <test-method is-config="true" signature="teardown()[pri:0, instance:TestsRun.contactUs@5f9b2141]" started-at="2022-01-18T13:40:34 GMT+05:30" name="teardown" finished-at="2022-01-18T13:40:34 GMT+05:30" duration-ms="94" status="PASS">
          <reporter-output>
          </reporter-output>
        </test-method> <!-- teardown -->
      </class> <!-- TestsRun.contactUs -->
    </test> <!-- Contact savaari.com -->
    <test started-at="2022-01-18T13:40:34 GMT+05:30" name="Book for round trip" finished-at="2022-01-18T13:40:44 GMT+05:30" duration-ms="9738">
      <class name="TestsRun.localTab">
        <test-method is-config="true" signature="intialize()[pri:0, instance:TestsRun.localTab@193f604a]" started-at="2022-01-18T13:40:34 GMT+05:30" name="intialize" finished-at="2022-01-18T13:40:41 GMT+05:30" duration-ms="6218" status="PASS">
          <reporter-output>
          </reporter-output>
        </test-method> <!-- intialize -->
        <test-method signature="MainHomePage()[pri:0, instance:TestsRun.localTab@193f604a]" started-at="2022-01-18T13:40:41 GMT+05:30" name="MainHomePage" finished-at="2022-01-18T13:40:44 GMT+05:30" duration-ms="2798" status="PASS">
          <reporter-output>
          </reporter-output>
        </test-method> <!-- MainHomePage -->
        <test-method is-config="true" signature="teardown()[pri:0, instance:TestsRun.localTab@193f604a]" started-at="2022-01-18T13:40:44 GMT+05:30" name="teardown" finished-at="2022-01-18T13:40:44 GMT+05:30" duration-ms="146" status="PASS">
          <reporter-output>
          </reporter-output>
        </test-method> <!-- teardown -->
      </class> <!-- TestsRun.localTab -->
    </test> <!-- Book for round trip -->
    <test started-at="2022-01-18T13:40:44 GMT+05:30" name="Book for one way" finished-at="2022-01-18T13:41:07 GMT+05:30" duration-ms="22879">
      <class name="TestsRun.oneWay">
        <test-method is-config="true" signature="intialize()[pri:0, instance:TestsRun.oneWay@37654521]" started-at="2022-01-18T13:40:44 GMT+05:30" name="intialize" finished-at="2022-01-18T13:40:47 GMT+05:30" duration-ms="2246" status="PASS">
          <reporter-output>
          </reporter-output>
        </test-method> <!-- intialize -->
        <test-method signature="MainHomePage()[pri:0, instance:TestsRun.oneWay@37654521]" started-at="2022-01-18T13:40:47 GMT+05:30" name="MainHomePage" finished-at="2022-01-18T13:41:05 GMT+05:30" duration-ms="18642" status="PASS">
          <reporter-output>
          </reporter-output>
        </test-method> <!-- MainHomePage -->
      </class> <!-- TestsRun.oneWay -->
    </test> <!-- Book for one way -->
    <test started-at="2022-01-18T13:41:07 GMT+05:30" name="Book for out station" finished-at="2022-01-18T13:41:27 GMT+05:30" duration-ms="19648">
      <class name="TestsRun.outStation">
        <test-method is-config="true" signature="intialize()[pri:0, instance:TestsRun.outStation@10feca44]" started-at="2022-01-18T13:41:07 GMT+05:30" name="intialize" finished-at="2022-01-18T13:41:10 GMT+05:30" duration-ms="2968" status="PASS">
          <reporter-output>
          </reporter-output>
        </test-method> <!-- intialize -->
        <test-method signature="MainHomePage()[pri:0, instance:TestsRun.outStation@10feca44]" started-at="2022-01-18T13:41:10 GMT+05:30" name="MainHomePage" finished-at="2022-01-18T13:41:25 GMT+05:30" duration-ms="15144" status="FAIL">
          <exception class="org.openqa.selenium.ElementClickInterceptedException">
            <message>
              <![CDATA[element click intercepted: Element <span draggable="false" pripple="" class="p-ripple p-element ng-tns-c75-3 ng-star-inserted">...</span> is not clickable at point (344, 536). Other element would receive the click: <w-div id="gie9pz1" class="g-7rrn0e gpdyc3d gtrfah g-kw9fpc g-81r2yq">...</w-div>
  (Session info: chrome=97.0.4692.71)
Build info: version: '3.141.59', revision: 'e82be7d358', time: '2018-11-14T08:17:03'
System info: host: 'MT-PG02JBJ5', ip: '192.168.1.6', os.name: 'Windows 10', os.arch: 'amd64', os.version: '10.0', java.version: '11.0.11'
Driver info: org.openqa.selenium.chrome.ChromeDriver
Capabilities {acceptInsecureCerts: false, browserName: chrome, browserVersion: 97.0.4692.71, chrome: {chromedriverVersion: 96.0.4664.45 (76e4c1bb2ab46..., userDataDir: C:\Users\M1077466\AppData\L...}, goog:chromeOptions: {debuggerAddress: localhost:54991}, javascriptEnabled: true, networkConnectionEnabled: false, pageLoadStrategy: normal, platform: WINDOWS, platformName: WINDOWS, proxy: Proxy(), setWindowRect: true, strictFileInteractability: false, timeouts: {implicit: 0, pageLoad: 300000, script: 30000}, unhandledPromptBehavior: dismiss and notify, webauthn:extension:credBlob: true, webauthn:extension:largeBlob: true, webauthn:virtualAuthenticators: true}
Session ID: 5e268b06e16d15caf867b5447fd702d6]]>
            </message>
            <full-stacktrace>
              <![CDATA[org.openqa.selenium.ElementClickInterceptedException: element click intercepted: Element <span draggable="false" pripple="" class="p-ripple p-element ng-tns-c75-3 ng-star-inserted">...</span> is not clickable at point (344, 536). Other element would receive the click: <w-div id="gie9pz1" class="g-7rrn0e gpdyc3d gtrfah g-kw9fpc g-81r2yq">...</w-div>
  (Session info: chrome=97.0.4692.71)
Build info: version: '3.141.59', revision: 'e82be7d358', time: '2018-11-14T08:17:03'
System info: host: 'MT-PG02JBJ5', ip: '192.168.1.6', os.name: 'Windows 10', os.arch: 'amd64', os.version: '10.0', java.version: '11.0.11'
Driver info: org.openqa.selenium.chrome.ChromeDriver
Capabilities {acceptInsecureCerts: false, browserName: chrome, browserVersion: 97.0.4692.71, chrome: {chromedriverVersion: 96.0.4664.45 (76e4c1bb2ab46..., userDataDir: C:\Users\M1077466\AppData\L...}, goog:chromeOptions: {debuggerAddress: localhost:54991}, javascriptEnabled: true, networkConnectionEnabled: false, pageLoadStrategy: normal, platform: WINDOWS, platformName: WINDOWS, proxy: Proxy(), setWindowRect: true, strictFileInteractability: false, timeouts: {implicit: 0, pageLoad: 300000, script: 30000}, unhandledPromptBehavior: dismiss and notify, webauthn:extension:credBlob: true, webauthn:extension:largeBlob: true, webauthn:virtualAuthenticators: true}
Session ID: 5e268b06e16d15caf867b5447fd702d6
at java.base/jdk.internal.reflect.NativeConstructorAccessorImpl.newInstance0(Native Method)
at java.base/jdk.internal.reflect.NativeConstructorAccessorImpl.newInstance(NativeConstructorAccessorImpl.java:62)
at java.base/jdk.internal.reflect.DelegatingConstructorAccessorImpl.newInstance(DelegatingConstructorAccessorImpl.java:45)
at java.base/java.lang.reflect.Constructor.newInstance(Constructor.java:490)
at org.openqa.selenium.remote.http.W3CHttpResponseCodec.createException(W3CHttpResponseCodec.java:187)
at org.openqa.selenium.remote.http.W3CHttpResponseCodec.decode(W3CHttpResponseCodec.java:122)
at org.openqa.selenium.remote.http.W3CHttpResponseCodec.decode(W3CHttpResponseCodec.java:49)
at org.openqa.selenium.remote.HttpCommandExecutor.execute(HttpCommandExecutor.java:158)
at org.openqa.selenium.remote.service.DriverCommandExecutor.execute(DriverCommandExecutor.java:83)
at org.openqa.selenium.remote.RemoteWebDriver.execute(RemoteWebDriver.java:552)
at org.openqa.selenium.remote.RemoteWebElement.execute(RemoteWebElement.java:285)
at org.openqa.selenium.remote.RemoteWebElement.click(RemoteWebElement.java:84)
at TestsRun.outStation.MainHomePage(outStation.java:39)
at java.base/jdk.internal.reflect.NativeMethodAccessorImpl.invoke0(Native Method)
at java.base/jdk.internal.reflect.NativeMethodAccessorImpl.invoke(NativeMethodAccessorImpl.java:62)
at java.base/jdk.internal.reflect.DelegatingMethodAccessorImpl.invoke(DelegatingMethodAccessorImpl.java:43)
at java.base/java.lang.reflect.Method.invoke(Method.java:566)
at org.testng.internal.MethodInvocationHelper.invokeMethod(MethodInvocationHelper.java:134)
at org.testng.internal.TestInvoker.invokeMethod(TestInvoker.java:597)
at org.testng.internal.TestInvoker.invokeTestMethod(TestInvoker.java:173)
at org.testng.internal.MethodRunner.runInSequence(MethodRunner.java:46)
at org.testng.internal.TestInvoker$MethodInvocationAgent.invoke(TestInvoker.java:816)
at org.testng.internal.TestInvoker.invokeTestMethods(TestInvoker.java:146)
at org.testng.internal.TestMethodWorker.invokeTestMethods(TestMethodWorker.java:146)
at org.testng.internal.TestMethodWorker.run(TestMethodWorker.java:128)
at java.base/java.util.ArrayList.forEach(ArrayList.java:1541)
at org.testng.TestRunner.privateRun(TestRunner.java:766)
at org.testng.TestRunner.run(TestRunner.java:587)
at org.testng.SuiteRunner.runTest(SuiteRunner.java:384)
at org.testng.SuiteRunner.runSequentially(SuiteRunner.java:378)
at org.testng.SuiteRunner.privateRun(SuiteRunner.java:337)
at org.testng.SuiteRunner.run(SuiteRunner.java:286)
at org.testng.SuiteRunnerWorker.runSuite(SuiteRunnerWorker.java:53)
at org.testng.SuiteRunnerWorker.run(SuiteRunnerWorker.java:96)
at org.testng.TestNG.runSuitesSequentially(TestNG.java:1187)
at org.testng.TestNG.runSuitesLocally(TestNG.java:1109)
at org.testng.TestNG.runSuites(TestNG.java:1039)
at org.testng.TestNG.run(TestNG.java:1007)
at org.testng.remote.AbstractRemoteTestNG.run(AbstractRemoteTestNG.java:115)
at org.testng.remote.RemoteTestNG.initAndRun(RemoteTestNG.java:251)
at org.testng.remote.RemoteTestNG.main(RemoteTestNG.java:77)
]]>
            </full-stacktrace>
          </exception> <!-- org.openqa.selenium.ElementClickInterceptedException -->
          <reporter-output>
          </reporter-output>
        </test-method> <!-- MainHomePage -->
        <test-method is-config="true" signature="teardown()[pri:0, instance:TestsRun.outStation@10feca44]" started-at="2022-01-18T13:41:27 GMT+05:30" name="teardown" finished-at="2022-01-18T13:41:27 GMT+05:30" duration-ms="478" status="PASS">
          <reporter-output>
          </reporter-output>
        </test-method> <!-- teardown -->
      </class> <!-- TestsRun.outStation -->
    </test> <!-- Book for out station -->
    <test started-at="2022-01-18T13:41:27 GMT+05:30" name="Sign in with wrong details" finished-at="2022-01-18T13:41:37 GMT+05:30" duration-ms="9956">
      <class name="TestsRun.signIn">
        <test-method is-config="true" signature="initialize()[pri:0, instance:TestsRun.signIn@4bb33f74]" started-at="2022-01-18T13:41:27 GMT+05:30" name="initialize" finished-at="2022-01-18T13:41:34 GMT+05:30" duration-ms="6434" status="PASS">
          <reporter-output>
          </reporter-output>
        </test-method> <!-- initialize -->
        <test-method signature="runSignIn()[pri:0, instance:TestsRun.signIn@4bb33f74]" started-at="2022-01-18T13:41:34 GMT+05:30" name="runSignIn" finished-at="2022-01-18T13:41:36 GMT+05:30" duration-ms="2539" status="PASS">
          <reporter-output>
          </reporter-output>
        </test-method> <!-- runSignIn -->
        <test-method is-config="true" signature="teardown()[pri:0, instance:TestsRun.signIn@4bb33f74]" started-at="2022-01-18T13:41:37 GMT+05:30" name="teardown" finished-at="2022-01-18T13:41:37 GMT+05:30" duration-ms="314" status="PASS">
          <reporter-output>
          </reporter-output>
        </test-method> <!-- teardown -->
      </class> <!-- TestsRun.signIn -->
    </test> <!-- Sign in with wrong details -->
  </suite> <!-- Suite -->
</testng-results>
