<?xml version="1.0" encoding="UTF-8"?>
<!-- Generated by org.testng.reporters.JUnitXMLReporter -->
<testsuite ignored="0" hostname="MT-PG02JBJ5" failures="1" tests="1" name="Book for round trip" time="25.769" errors="0" timestamp="2022-01-18T16:02:51 GMT+05:30">
  <testcase classname="TestsRun.localTab" name="MainHomePage" time="4.129">
    <failure type="java.lang.AssertionError" message="expected [Honda City or Equivalent] but found [Ertiga or Equivalent]">
      <![CDATA[java.lang.AssertionError: expected [Honda City or Equivalent] but found [Ertiga or Equivalent]
at TestsRun.localTab.MainHomePage(localTab.java:44)
at java.base/java.util.ArrayList.forEach(ArrayList.java:1541)
... Removed 33 stack frames]]>
    </failure>
  </testcase> <!-- MainHomePage -->
</testsuite> <!-- Book for round trip -->
